#
# A fatal error has been detected by the Java Runtime Environment:
#
#  SIGSEGV (0xb) at pc=0x000000010b84c5a2, pid=34027, tid=0x0000000000004807
#
# JRE version: Java(TM) SE Runtime Environment (8.0_101-b13) (build 1.8.0_101-b13)
# Java VM: Java HotSpot(TM) 64-Bit Server VM (25.101-b13 mixed mode bsd-amd64 compressed oops)
# Problematic frame:
# V  [libjvm.dylib+0x44c5a2]
#
# Failed to write core dump. Core dumps have been disabled. To enable core dumping, try "ulimit -c unlimited" before starting Java again
#
# If you would like to submit a bug report, please visit:
#   http://bugreport.java.com/bugreport/crash.jsp
#

---------------  T H R E A D  ---------------

Current thread (0x00007fa260800000):  JavaThread "JDWP Transport Listener: dt_socket" daemon [_thread_in_vm, id=18439, stack(0x0000700002265000,0x0000700002365000)]

siginfo: si_signo: 11 (SIGSEGV), si_code: 0 (unknown), si_addr: 0x0000000000000000

Registers:
RAX=0x0000000000000001, RBX=0x1700000000000000, RCX=0x000000010bc1f360, RDX=0x0000700002364aab
RSP=0x00007000023649f0, RBP=0x0000700002364a00, RSI=0x00007fa260800000, RDI=0x00007fa25ee27b60
R8 =0x0000000000000005, R9 =0x0000000000000000, R10=0x0000000000000006, R11=0x0000000000000006
R12=0x00007fa260800000, R13=0x00007fa25ee27b60, R14=0x00007fa25ee27b60, R15=0x00007fa25ec07550
RIP=0x000000010b84c5a2, EFLAGS=0x0000000000010216, ERR=0x0000000000000000
  TRAPNO=0x000000000000000d

Top of Stack: (sp=0x00007000023649f0)
0x00007000023649f0:   0000700002364aab 0000700002364aab
0x0000700002364a00:   0000700002364a60 000000010b7580d2
0x0000700002364a10:   00007fa260800000 0000000000000000
0x0000700002364a20:   0000000000000000 0000000000000000
0x0000700002364a30:   00007fa260800000 00007fa260800000
0x0000700002364a40:   0000700002364aab 0000700002364ab0
0x0000700002364a50:   00007fa25ee27b60 0000000000000002
0x0000700002364a60:   0000700002364a80 000000010ab76780
0x0000700002364a70:   0000000000000001 0000700002364b28
0x0000700002364a80:   0000700002364af0 000000010ab5b1f3
0x0000700002364a90:   0000700002364ac0 00007fa25ee66390
0x0000700002364aa0:   0000000300000032 0000000900364b28
0x0000700002364ab0:   0000000000000000 0000000000000000
0x0000700002364ac0:   0000000000000000 0000700002364cb0
0x0000700002364ad0:   000000010ab7de7a 00007fa25ee66390
0x0000700002364ae0:   0000700002364b28 000000010ab89598
0x0000700002364af0:   0000700002364b00 000000010ab5b2ec
0x0000700002364b00:   0000700002364d20 000000010ab64898
0x0000700002364b10:   00004cac00000013 00000000000f0200
0x0000700002364b20:   00007fa25ee27b60 00007fa25ee69969
0x0000700002364b30:   000000000000020f 00007fa25ee3f330
0x0000700002364b40:   000000000000012c 0000700002364b78
0x0000700002364b50:   00007fa25ee3f330 00007f0000000000
0x0000700002364b60:   00004cac00000014 00007fa20000fa80
0x0000700002364b70:   0000700002364b78 a27f000003000000
0x0000700002364b80:   080000008069e65e 30246164626d616c
0x0000700002364b90:   6f634c287a000000 7a7a6665696a2f6d
0x0000700002364ba0:   2f72656b6f6a652f 6e6f6d6d6f632f7a
0x0000700002364bb0:   747865746e6f632f 45492f327665642f
0x0000700002364bc0:   6e6f4372656b6f6a 3276654474786574
0x0000700002364bd0:   6a2f6d6f634c293b 6a652f7a7a666569
0x0000700002364be0:   632f7a2f72656b6f 6f632f6e6f6d6d6f 

Instructions: (pc=0x000000010b84c5a2)
0x000000010b84c582:   31 c0 5d c3 55 48 89 e5 53 48 83 ec 08 48 85 ff
0x000000010b84c592:   74 24 48 8b 1f 48 85 db 74 1c 48 83 fb 37 74 16
0x000000010b84c5a2:   48 8b 03 48 89 df ff 50 10 84 c0 b8 00 00 00 00
0x000000010b84c5b2:   48 0f 45 c3 eb 02 31 c0 48 83 c4 08 5b 5d c3 90 

Register to memory mapping:

RAX=0x0000000000000001 is an unknown value
RBX=0x1700000000000000 is an unknown value
RCX=0x000000010bc1f360: UseMembar+0 in /Library/Java/JavaVirtualMachines/jdk1.8.0_101.jdk/Contents/Home/jre/lib/server/libjvm.dylib at 0x000000010b400000
RDX=0x0000700002364aab is pointing into the stack for thread: 0x00007fa260800000
RSP=0x00007000023649f0 is pointing into the stack for thread: 0x00007fa260800000
RBP=0x0000700002364a00 is pointing into the stack for thread: 0x00007fa260800000
RSI=0x00007fa260800000 is a thread
RDI=0x00007fa25ee27b60 is an unknown value
R8 =0x0000000000000005 is an unknown value
R9 =0x0000000000000000 is an unknown value
R10=0x0000000000000006 is an unknown value
R11=0x0000000000000006 is an unknown value
R12=0x00007fa260800000 is a thread
R13=0x00007fa25ee27b60 is an unknown value
R14=0x00007fa25ee27b60 is an unknown value
R15=0x00007fa25ec07550 is an unknown value


Stack: [0x0000700002265000,0x0000700002365000],  sp=0x00007000023649f0,  free space=1022k
Native frames: (J=compiled Java code, j=interpreted, Vv=VM code, C=native code)
V  [libjvm.dylib+0x44c5a2]
V  [libjvm.dylib+0x3580d2]
C  [libjdwp.dylib+0x20780]  isMethodSynthetic+0x63
C  [libjdwp.dylib+0x51f3]  methods1+0x10b
C  [libjdwp.dylib+0x52ec]  methodsWithGeneric+0xe
C  [libjdwp.dylib+0xe898]  debugLoop_run+0x1ce
C  [libjdwp.dylib+0x1f6ba]  attachThread+0x4d
V  [libjvm.dylib+0x399438]
V  [libjvm.dylib+0x5695ab]
V  [libjvm.dylib+0x56ac98]
V  [libjvm.dylib+0x48933a]
C  [libsystem_pthread.dylib+0x3339]  _pthread_body+0x7e
C  [libsystem_pthread.dylib+0x62a7]  _pthread_start+0x46
C  [libsystem_pthread.dylib+0x2445]  thread_start+0xd
C  0x0000000000000000


---------------  P R O C E S S  ---------------

Java Threads: ( => current thread )
  0x00007fa25fc02000 JavaThread "Attach Listener" daemon [_thread_blocked, id=4615, stack(0x0000700002a7d000,0x0000700002b7d000)]
  0x00007fa2600cc000 JavaThread "Service Thread" daemon [_thread_blocked, id=14851, stack(0x0000700002877000,0x0000700002977000)]
  0x00007fa26082c000 JavaThread "C1 CompilerThread2" daemon [_thread_blocked, id=14595, stack(0x0000700002774000,0x0000700002874000)]
  0x00007fa2600cb800 JavaThread "C2 CompilerThread1" daemon [_thread_blocked, id=17155, stack(0x0000700002671000,0x0000700002771000)]
  0x00007fa25f8a7000 JavaThread "C2 CompilerThread0" daemon [_thread_blocked, id=17667, stack(0x000070000256e000,0x000070000266e000)]
  0x00007fa25f033000 JavaThread "JDWP Command Reader" daemon [_thread_in_native, id=17923, stack(0x000070000246b000,0x000070000256b000)]
  0x00007fa25f023800 JavaThread "JDWP Event Helper Thread" daemon [_thread_blocked, id=13827, stack(0x0000700002368000,0x0000700002468000)]
=>0x00007fa260800000 JavaThread "JDWP Transport Listener: dt_socket" daemon [_thread_in_vm, id=18439, stack(0x0000700002265000,0x0000700002365000)]
  0x00007fa25f83b800 JavaThread "Signal Dispatcher" daemon [_thread_blocked, id=13059, stack(0x0000700002162000,0x0000700002262000)]
  0x00007fa26000b000 JavaThread "Finalizer" daemon [_thread_blocked, id=20483, stack(0x000070000205f000,0x000070000215f000)]
  0x00007fa260005000 JavaThread "Reference Handler" daemon [_thread_blocked, id=20739, stack(0x0000700001f5c000,0x000070000205c000)]
  0x00007fa260801800 JavaThread "main" [_thread_blocked, id=6659, stack(0x000070000194a000,0x0000700001a4a000)]

Other Threads:
  0x00007fa25f82f000 VMThread [stack: 0x0000700001e59000,0x0000700001f59000] [id=20995]
  0x00007fa25f8aa800 WatcherThread [stack: 0x000070000297a000,0x0000700002a7a000] [id=16643]

VM state:not at safepoint (normal execution)

VM Mutex/Monitor currently owned by a thread: None

Heap:
 PSYoungGen      total 38400K, used 13159K [0x0000000795580000, 0x0000000798000000, 0x00000007c0000000)
  eden space 33280K, 30% used [0x0000000795580000,0x0000000795f66830,0x0000000797600000)
  from space 5120K, 59% used [0x0000000797600000,0x00000007978f33e0,0x0000000797b00000)
  to   space 5120K, 0% used [0x0000000797b00000,0x0000000797b00000,0x0000000798000000)
 ParOldGen       total 87552K, used 8K [0x0000000740000000, 0x0000000745580000, 0x0000000795580000)
  object space 87552K, 0% used [0x0000000740000000,0x0000000740002000,0x0000000745580000)
 Metaspace       used 9423K, capacity 9700K, committed 9984K, reserved 1058816K
  class space    used 1099K, capacity 1176K, committed 1280K, reserved 1048576K

Card table byte_map: [0x000000010c7ae000,0x000000010cbaf000] byte_map_base: 0x0000000108dae000

Marking Bits: (ParMarkBitMap*) 0x000000010bcedd20
 Begin Bits: [0x000000010ce5a000, 0x000000010ee5a000)
 End Bits:   [0x000000010ee5a000, 0x0000000110e5a000)

Polling page: 0x000000010ab55000

CodeCache: size=245760Kb used=4148Kb max_used=4212Kb free=241611Kb
 bounds [0x0000000113cda000, 0x000000011410a000, 0x0000000122cda000]
 total_blobs=1263 nmethods=930 adapters=255
 compilation: enabled

Compilation events (10 events):
Event: 6.022 Thread 0x00007fa26082c000  930       3       java.util.Hashtable$Enumerator::hasMoreElements (53 bytes)
Event: 6.022 Thread 0x00007fa26082c000 nmethod 930 0x000000011409b290 code [0x000000011409b400, 0x000000011409b6f0]
Event: 6.022 Thread 0x00007fa26082c000  932       3       java.util.Hashtable$Enumerator::nextElement (111 bytes)
Event: 6.023 Thread 0x00007fa26082c000 nmethod 932 0x000000011409e590 code [0x000000011409e740, 0x000000011409ebc8]
Event: 6.023 Thread 0x00007fa26082c000  931       1       java.util.Hashtable::access$500 (5 bytes)
Event: 6.023 Thread 0x00007fa26082c000 nmethod 931 0x000000011409af50 code [0x000000011409b0a0, 0x000000011409b190]
Event: 6.026 Thread 0x00007fa2600cb800  933  s    4       java.lang.StringBuffer::append (13 bytes)
Event: 6.026 Thread 0x00007fa26082c000  934       3       java.util.Properties::saveConvert (434 bytes)
Event: 6.032 Thread 0x00007fa2600cb800 nmethod 933 0x000000011409dad0 code [0x000000011409dc40, 0x000000011409e238]
Event: 6.033 Thread 0x00007fa26082c000 nmethod 934 0x00000001140ba4d0 code [0x00000001140bac80, 0x00000001140c2258]

GC Heap History (2 events):
Event: 2.539 GC heap before
{Heap before GC invocations=1 (full 0):
 PSYoungGen      total 38400K, used 33280K [0x0000000795580000, 0x0000000798000000, 0x00000007c0000000)
  eden space 33280K, 100% used [0x0000000795580000,0x0000000797600000,0x0000000797600000)
  from space 5120K, 0% used [0x0000000797b00000,0x0000000797b00000,0x0000000798000000)
  to   space 5120K, 0% used [0x0000000797600000,0x0000000797600000,0x0000000797b00000)
 ParOldGen       total 87552K, used 0K [0x0000000740000000, 0x0000000745580000, 0x0000000795580000)
  object space 87552K, 0% used [0x0000000740000000,0x0000000740000000,0x0000000745580000)
 Metaspace       used 8739K, capacity 8980K, committed 9088K, reserved 1056768K
  class space    used 995K, capacity 1096K, committed 1152K, reserved 1048576K
Event: 2.555 GC heap after
Heap after GC invocations=1 (full 0):
 PSYoungGen      total 38400K, used 3020K [0x0000000795580000, 0x0000000798000000, 0x00000007c0000000)
  eden space 33280K, 0% used [0x0000000795580000,0x0000000795580000,0x0000000797600000)
  from space 5120K, 59% used [0x0000000797600000,0x00000007978f33e0,0x0000000797b00000)
  to   space 5120K, 0% used [0x0000000797b00000,0x0000000797b00000,0x0000000798000000)
 ParOldGen       total 87552K, used 8K [0x0000000740000000, 0x0000000745580000, 0x0000000795580000)
  object space 87552K, 0% used [0x0000000740000000,0x0000000740002000,0x0000000745580000)
 Metaspace       used 8739K, capacity 8980K, committed 9088K, reserved 1056768K
  class space    used 995K, capacity 1096K, committed 1152K, reserved 1048576K
}

Deoptimization events (10 events):
Event: 2.761 Thread 0x00007fa260801800 Uncommon trap: reason=range_check action=none pc=0x000000011404c82c method=sun.reflect.generics.parser.SignatureParser.current()C @ 34
Event: 2.762 Thread 0x00007fa260801800 Uncommon trap: reason=range_check action=none pc=0x000000011404c82c method=sun.reflect.generics.parser.SignatureParser.current()C @ 34
Event: 2.763 Thread 0x00007fa260801800 Uncommon trap: reason=range_check action=none pc=0x000000011404c82c method=sun.reflect.generics.parser.SignatureParser.current()C @ 34
Event: 2.763 Thread 0x00007fa260801800 Uncommon trap: reason=range_check action=none pc=0x000000011404c82c method=sun.reflect.generics.parser.SignatureParser.current()C @ 34
Event: 2.765 Thread 0x00007fa260801800 Uncommon trap: reason=range_check action=none pc=0x000000011404c82c method=sun.reflect.generics.parser.SignatureParser.current()C @ 34
Event: 2.766 Thread 0x00007fa260801800 Uncommon trap: reason=range_check action=none pc=0x000000011404c82c method=sun.reflect.generics.parser.SignatureParser.current()C @ 34
Event: 2.766 Thread 0x00007fa260801800 Uncommon trap: reason=range_check action=none pc=0x000000011404c82c method=sun.reflect.generics.parser.SignatureParser.current()C @ 34
Event: 2.890 Thread 0x00007fa260801800 Uncommon trap: reason=range_check action=none pc=0x000000011404c82c method=sun.reflect.generics.parser.SignatureParser.current()C @ 34
Event: 2.890 Thread 0x00007fa260801800 Uncommon trap: reason=range_check action=none pc=0x000000011404c82c method=sun.reflect.generics.parser.SignatureParser.current()C @ 34
Event: 2.890 Thread 0x00007fa260801800 Uncommon trap: reason=range_check action=none pc=0x000000011404c82c method=sun.reflect.generics.parser.SignatureParser.current()C @ 34

Internal exceptions (10 events):
Event: 2.761 Thread 0x00007fa260801800 Exception <a 'java/lang/ArrayIndexOutOfBoundsException': 277> (0x0000000795976ee0) thrown at [/HUDSON3/workspace/8-2-build-macosx-x86_64/jdk8u101/7261/hotspot/src/share/vm/interpreter/interpreterRuntime.cpp, line 366]
Event: 2.762 Thread 0x00007fa260801800 Exception <a 'java/lang/ArrayIndexOutOfBoundsException': 190> (0x0000000795979190) thrown at [/HUDSON3/workspace/8-2-build-macosx-x86_64/jdk8u101/7261/hotspot/src/share/vm/interpreter/interpreterRuntime.cpp, line 366]
Event: 2.763 Thread 0x00007fa260801800 Exception <a 'java/lang/ArrayIndexOutOfBoundsException': 239> (0x000000079598de40) thrown at [/HUDSON3/workspace/8-2-build-macosx-x86_64/jdk8u101/7261/hotspot/src/share/vm/interpreter/interpreterRuntime.cpp, line 366]
Event: 2.763 Thread 0x00007fa260801800 Exception <a 'java/lang/ArrayIndexOutOfBoundsException': 268> (0x0000000795990800) thrown at [/HUDSON3/workspace/8-2-build-macosx-x86_64/jdk8u101/7261/hotspot/src/share/vm/interpreter/interpreterRuntime.cpp, line 366]
Event: 2.765 Thread 0x00007fa260801800 Exception <a 'java/lang/ArrayIndexOutOfBoundsException': 230> (0x000000079599fdb8) thrown at [/HUDSON3/workspace/8-2-build-macosx-x86_64/jdk8u101/7261/hotspot/src/share/vm/interpreter/interpreterRuntime.cpp, line 366]
Event: 2.766 Thread 0x00007fa260801800 Exception <a 'java/lang/ArrayIndexOutOfBoundsException': 248> (0x00000007959acb60) thrown at [/HUDSON3/workspace/8-2-build-macosx-x86_64/jdk8u101/7261/hotspot/src/share/vm/interpreter/interpreterRuntime.cpp, line 366]
Event: 2.766 Thread 0x00007fa260801800 Exception <a 'java/lang/ArrayIndexOutOfBoundsException': 256> (0x00000007959b9b30) thrown at [/HUDSON3/workspace/8-2-build-macosx-x86_64/jdk8u101/7261/hotspot/src/share/vm/interpreter/interpreterRuntime.cpp, line 366]
Event: 2.890 Thread 0x00007fa260801800 Exception <a 'java/lang/ArrayIndexOutOfBoundsException': 197> (0x0000000795dd8668) thrown at [/HUDSON3/workspace/8-2-build-macosx-x86_64/jdk8u101/7261/hotspot/src/share/vm/interpreter/interpreterRuntime.cpp, line 366]
Event: 2.890 Thread 0x00007fa260801800 Exception <a 'java/lang/ArrayIndexOutOfBoundsException': 69> (0x0000000795dd9728) thrown at [/HUDSON3/workspace/8-2-build-macosx-x86_64/jdk8u101/7261/hotspot/src/share/vm/interpreter/interpreterRuntime.cpp, line 366]
Event: 2.890 Thread 0x00007fa260801800 Exception <a 'java/lang/ArrayIndexOutOfBoundsException': 69> (0x0000000795ddaa50) thrown at [/HUDSON3/workspace/8-2-build-macosx-x86_64/jdk8u101/7261/hotspot/src/share/vm/interpreter/interpreterRuntime.cpp, line 366]

Events (10 events):
Event: 7.386 Executing VM operation: EnterInterpOnlyMode
Event: 7.386 Executing VM operation: EnterInterpOnlyMode done
Event: 7.386 Executing VM operation: GetCurrentLocation
Event: 7.386 Executing VM operation: GetCurrentLocation done
Event: 7.386 Executing VM operation: ChangeSingleStep
Event: 7.386 Executing VM operation: ChangeSingleStep done
Event: 7.386 Executing VM operation: GetOrSetLocal
Event: 7.386 Executing VM operation: GetOrSetLocal done
Event: 7.390 Executing VM operation: ChangeSingleStep
Event: 7.390 Executing VM operation: ChangeSingleStep done


Dynamic libraries:
0x000000000cc6e000 	/System/Library/Frameworks/Cocoa.framework/Versions/A/Cocoa
0x000000000cc6e000 	/System/Library/Frameworks/Security.framework/Versions/A/Security
0x000000000cc6e000 	/System/Library/Frameworks/ApplicationServices.framework/Versions/A/ApplicationServices
0x000000000cc6e000 	/usr/lib/libz.1.dylib
0x000000000cc6e000 	/usr/lib/libSystem.B.dylib
0x000000000cc6e000 	/usr/lib/libobjc.A.dylib
0x000000000cc6e000 	/System/Library/Frameworks/CoreFoundation.framework/Versions/A/CoreFoundation
0x000000000cc6e000 	/System/Library/Frameworks/Foundation.framework/Versions/C/Foundation
0x000000000cc6e000 	/System/Library/Frameworks/AppKit.framework/Versions/C/AppKit
0x000000000cc6e000 	/System/Library/Frameworks/CoreData.framework/Versions/A/CoreData
0x000000000cc6e000 	/System/Library/PrivateFrameworks/RemoteViewServices.framework/Versions/A/RemoteViewServices
0x000000000cc6e000 	/System/Library/PrivateFrameworks/UIFoundation.framework/Versions/A/UIFoundation
0x000000000cc6e000 	/System/Library/PrivateFrameworks/XCTTargetBootstrap.framework/Versions/A/XCTTargetBootstrap
0x000000000cc6e000 	/System/Library/PrivateFrameworks/IconServices.framework/Versions/A/IconServices
0x000000000cc6e000 	/System/Library/Frameworks/Metal.framework/Versions/A/Metal
0x000000000cc6e000 	/System/Library/PrivateFrameworks/DesktopServicesPriv.framework/Versions/A/DesktopServicesPriv
0x000000000cc6e000 	/usr/lib/libenergytrace.dylib
0x000000000cc6e000 	/System/Library/PrivateFrameworks/SkyLight.framework/Versions/A/SkyLight
0x000000000cc6e000 	/System/Library/Frameworks/CoreGraphics.framework/Versions/A/CoreGraphics
0x000000000cc6e000 	/System/Library/Frameworks/Accelerate.framework/Versions/A/Accelerate
0x000000000cc6e000 	/System/Library/Frameworks/IOSurface.framework/Versions/A/IOSurface
0x000000000cc6e000 	/System/Library/PrivateFrameworks/DFRFoundation.framework/Versions/A/DFRFoundation
0x000000000cc6e000 	/System/Library/Frameworks/AudioToolbox.framework/Versions/A/AudioToolbox
0x000000000cc6e000 	/System/Library/Frameworks/AudioUnit.framework/Versions/A/AudioUnit
0x000000000cc6e000 	/System/Library/PrivateFrameworks/DataDetectorsCore.framework/Versions/A/DataDetectorsCore
0x000000000cc6e000 	/System/Library/Frameworks/Carbon.framework/Versions/A/Frameworks/HIToolbox.framework/Versions/A/HIToolbox
0x000000000cc6e000 	/usr/lib/libicucore.A.dylib
0x000000000cc6e000 	/System/Library/Frameworks/QuartzCore.framework/Versions/A/QuartzCore
0x000000000cc6e000 	/System/Library/Frameworks/Carbon.framework/Versions/A/Frameworks/SpeechRecognition.framework/Versions/A/SpeechRecognition
0x000000000cc6e000 	/usr/lib/libauto.dylib
0x000000000cc6e000 	/usr/lib/libxml2.2.dylib
0x000000000cc6e000 	/System/Library/PrivateFrameworks/CoreUI.framework/Versions/A/CoreUI
0x000000000cc6e000 	/System/Library/Frameworks/CoreAudio.framework/Versions/A/CoreAudio
0x000000000cc6e000 	/System/Library/Frameworks/DiskArbitration.framework/Versions/A/DiskArbitration
0x000000000cc6e000 	/usr/lib/liblangid.dylib
0x000000000cc6e000 	/System/Library/PrivateFrameworks/MultitouchSupport.framework/Versions/A/MultitouchSupport
0x000000000cc6e000 	/System/Library/Frameworks/IOKit.framework/Versions/A/IOKit
0x000000000cc6e000 	/usr/lib/libDiagnosticMessagesClient.dylib
0x000000000cc6e000 	/System/Library/Frameworks/CoreServices.framework/Versions/A/CoreServices
0x000000000cc6e000 	/System/Library/PrivateFrameworks/PerformanceAnalysis.framework/Versions/A/PerformanceAnalysis
0x000000000cc6e000 	/System/Library/Frameworks/OpenGL.framework/Versions/A/OpenGL
0x000000000cc6e000 	/System/Library/Frameworks/ColorSync.framework/Versions/A/ColorSync
0x000000000cc6e000 	/System/Library/Frameworks/CoreImage.framework/Versions/A/CoreImage
0x000000000cc6e000 	/System/Library/Frameworks/CoreText.framework/Versions/A/CoreText
0x000000000cc6e000 	/System/Library/Frameworks/ImageIO.framework/Versions/A/ImageIO
0x000000000cc6e000 	/System/Library/PrivateFrameworks/Backup.framework/Versions/A/Backup
0x000000000cc6e000 	/usr/lib/libarchive.2.dylib
0x000000000cc6e000 	/System/Library/Frameworks/CFNetwork.framework/Versions/A/CFNetwork
0x000000000cc6e000 	/System/Library/Frameworks/SystemConfiguration.framework/Versions/A/SystemConfiguration
0x000000000cc6e000 	/usr/lib/libCRFSuite.dylib
0x000000000cc6e000 	/usr/lib/libc++.1.dylib
0x000000000cc6e000 	/usr/lib/libc++abi.dylib
0x000000000cc6e000 	/usr/lib/system/libcache.dylib
0x000000000cc6e000 	/usr/lib/system/libcommonCrypto.dylib
0x000000000cc6e000 	/usr/lib/system/libcompiler_rt.dylib
0x000000000cc6e000 	/usr/lib/system/libcopyfile.dylib
0x000000000cc6e000 	/usr/lib/system/libcorecrypto.dylib
0x000000000cc6e000 	/usr/lib/system/libdispatch.dylib
0x000000000cc6e000 	/usr/lib/system/libdyld.dylib
0x000000000cc6e000 	/usr/lib/system/libkeymgr.dylib
0x000000000cc6e000 	/usr/lib/system/liblaunch.dylib
0x000000000cc6e000 	/usr/lib/system/libmacho.dylib
0x000000000cc6e000 	/usr/lib/system/libquarantine.dylib
0x000000000cc6e000 	/usr/lib/system/libremovefile.dylib
0x000000000cc6e000 	/usr/lib/system/libsystem_asl.dylib
0x000000000cc6e000 	/usr/lib/system/libsystem_blocks.dylib
0x000000000cc6e000 	/usr/lib/system/libsystem_c.dylib
0x000000000cc6e000 	/usr/lib/system/libsystem_configuration.dylib
0x000000000cc6e000 	/usr/lib/system/libsystem_coreservices.dylib
0x000000000cc6e000 	/usr/lib/system/libsystem_darwin.dylib
0x000000000cc6e000 	/usr/lib/system/libsystem_dnssd.dylib
0x000000000cc6e000 	/usr/lib/system/libsystem_info.dylib
0x000000000cc6e000 	/usr/lib/system/libsystem_m.dylib
0x000000000cc6e000 	/usr/lib/system/libsystem_malloc.dylib
0x000000000cc6e000 	/usr/lib/system/libsystem_networkextension.dylib
0x000000000cc6e000 	/usr/lib/system/libsystem_notify.dylib
0x000000000cc6e000 	/usr/lib/system/libsystem_sandbox.dylib
0x000000000cc6e000 	/usr/lib/system/libsystem_secinit.dylib
0x000000000cc6e000 	/usr/lib/system/libsystem_kernel.dylib
0x000000000cc6e000 	/usr/lib/system/libsystem_platform.dylib
0x000000000cc6e000 	/usr/lib/system/libsystem_pthread.dylib
0x000000000cc6e000 	/usr/lib/system/libsystem_symptoms.dylib
0x000000000cc6e000 	/usr/lib/system/libsystem_trace.dylib
0x000000000cc6e000 	/usr/lib/system/libunwind.dylib
0x000000000cc6e000 	/usr/lib/system/libxpc.dylib
0x000000000cc6e000 	/usr/lib/libbsm.0.dylib
0x000000000cc6e000 	/usr/lib/system/libkxld.dylib
0x000000000cc6e000 	/System/Library/PrivateFrameworks/AppleFSCompression.framework/Versions/A/AppleFSCompression
0x000000000cc6e000 	/usr/lib/libOpenScriptingUtil.dylib
0x000000000cc6e000 	/usr/lib/libcoretls.dylib
0x000000000cc6e000 	/usr/lib/libcoretls_cfhelpers.dylib
0x000000000cc6e000 	/usr/lib/libpam.2.dylib
0x000000000cc6e000 	/usr/lib/libsqlite3.dylib
0x000000000cc6e000 	/usr/lib/libxar.1.dylib
0x000000000cc6e000 	/usr/lib/libbz2.1.0.dylib
0x000000000cc6e000 	/usr/lib/liblzma.5.dylib
0x000000000cc6e000 	/usr/lib/libnetwork.dylib
0x000000000cc6e000 	/usr/lib/libapple_nghttp2.dylib
0x000000000cc6e000 	/usr/lib/libpcap.A.dylib
0x000000000cc6e000 	/System/Library/Frameworks/CoreServices.framework/Versions/A/Frameworks/FSEvents.framework/Versions/A/FSEvents
0x000000000cc6e000 	/System/Library/Frameworks/CoreServices.framework/Versions/A/Frameworks/CarbonCore.framework/Versions/A/CarbonCore
0x000000000cc6e000 	/System/Library/Frameworks/CoreServices.framework/Versions/A/Frameworks/Metadata.framework/Versions/A/Metadata
0x000000000cc6e000 	/System/Library/Frameworks/CoreServices.framework/Versions/A/Frameworks/OSServices.framework/Versions/A/OSServices
0x000000000cc6e000 	/System/Library/Frameworks/CoreServices.framework/Versions/A/Frameworks/SearchKit.framework/Versions/A/SearchKit
0x000000000cc6e000 	/System/Library/Frameworks/CoreServices.framework/Versions/A/Frameworks/AE.framework/Versions/A/AE
0x000000000cc6e000 	/System/Library/Frameworks/CoreServices.framework/Versions/A/Frameworks/LaunchServices.framework/Versions/A/LaunchServices
0x000000000cc6e000 	/System/Library/Frameworks/CoreServices.framework/Versions/A/Frameworks/DictionaryServices.framework/Versions/A/DictionaryServices
0x000000000cc6e000 	/System/Library/Frameworks/CoreServices.framework/Versions/A/Frameworks/SharedFileList.framework/Versions/A/SharedFileList
0x000000000cc6e000 	/System/Library/Frameworks/NetFS.framework/Versions/A/NetFS
0x000000000cc6e000 	/System/Library/PrivateFrameworks/NetAuth.framework/Versions/A/NetAuth
0x000000000cc6e000 	/System/Library/PrivateFrameworks/login.framework/Versions/A/Frameworks/loginsupport.framework/Versions/A/loginsupport
0x000000000cc6e000 	/System/Library/PrivateFrameworks/TCC.framework/Versions/A/TCC
0x000000000cc6e000 	/System/Library/PrivateFrameworks/CoreNLP.framework/Versions/A/CoreNLP
0x000000000cc6e000 	/System/Library/PrivateFrameworks/MetadataUtilities.framework/Versions/A/MetadataUtilities
0x000000000cc6e000 	/usr/lib/libmecabra.dylib
0x000000000cc6e000 	/System/Library/Frameworks/ApplicationServices.framework/Versions/A/Frameworks/ATS.framework/Versions/A/ATS
0x000000000cc6e000 	/System/Library/Frameworks/ApplicationServices.framework/Versions/A/Frameworks/ColorSyncLegacy.framework/Versions/A/ColorSyncLegacy
0x000000000cc6e000 	/System/Library/Frameworks/ApplicationServices.framework/Versions/A/Frameworks/HIServices.framework/Versions/A/HIServices
0x000000000cc6e000 	/System/Library/Frameworks/ApplicationServices.framework/Versions/A/Frameworks/LangAnalysis.framework/Versions/A/LangAnalysis
0x000000000cc6e000 	/System/Library/Frameworks/ApplicationServices.framework/Versions/A/Frameworks/PrintCore.framework/Versions/A/PrintCore
0x000000000cc6e000 	/System/Library/Frameworks/ApplicationServices.framework/Versions/A/Frameworks/QD.framework/Versions/A/QD
0x000000000cc6e000 	/System/Library/Frameworks/ApplicationServices.framework/Versions/A/Frameworks/SpeechSynthesis.framework/Versions/A/SpeechSynthesis
0x000000000cc6e000 	/usr/lib/libcompression.dylib
0x000000000cc6e000 	/System/Library/Frameworks/CoreDisplay.framework/Versions/A/CoreDisplay
0x000000000cc6e000 	/System/Library/Frameworks/MetalPerformanceShaders.framework/Versions/A/MetalPerformanceShaders
0x000000000cc6e000 	/System/Library/Frameworks/Accelerate.framework/Versions/A/Frameworks/vImage.framework/Versions/A/vImage
0x000000000cc6e000 	/System/Library/Frameworks/Accelerate.framework/Versions/A/Frameworks/vecLib.framework/Versions/A/vecLib
0x000000000cc6e000 	/System/Library/Frameworks/Accelerate.framework/Versions/A/Frameworks/vecLib.framework/Versions/A/libvMisc.dylib
0x000000000cc6e000 	/System/Library/Frameworks/Accelerate.framework/Versions/A/Frameworks/vecLib.framework/Versions/A/libvDSP.dylib
0x000000000cc6e000 	/System/Library/Frameworks/Accelerate.framework/Versions/A/Frameworks/vecLib.framework/Versions/A/libBLAS.dylib
0x000000000cc6e000 	/System/Library/Frameworks/Accelerate.framework/Versions/A/Frameworks/vecLib.framework/Versions/A/libLAPACK.dylib
0x000000000cc6e000 	/System/Library/Frameworks/Accelerate.framework/Versions/A/Frameworks/vecLib.framework/Versions/A/libLinearAlgebra.dylib
0x000000000cc6e000 	/System/Library/Frameworks/Accelerate.framework/Versions/A/Frameworks/vecLib.framework/Versions/A/libSparseBLAS.dylib
0x000000000cc6e000 	/System/Library/Frameworks/Accelerate.framework/Versions/A/Frameworks/vecLib.framework/Versions/A/libQuadrature.dylib
0x000000000cc6e000 	/System/Library/Frameworks/Accelerate.framework/Versions/A/Frameworks/vecLib.framework/Versions/A/libBNNS.dylib
0x000000000cc6e000 	/System/Library/Frameworks/Accelerate.framework/Versions/A/Frameworks/vecLib.framework/Versions/A/libSparse.dylib
0x000000000cc6e000 	/System/Library/PrivateFrameworks/GPUWrangler.framework/Versions/A/GPUWrangler
0x000000000cc6e000 	/System/Library/PrivateFrameworks/IOAccelerator.framework/Versions/A/IOAccelerator
0x000000000cc6e000 	/System/Library/PrivateFrameworks/IOPresentment.framework/Versions/A/IOPresentment
0x000000000cc6e000 	/System/Library/PrivateFrameworks/DSExternalDisplay.framework/Versions/A/DSExternalDisplay
0x000000000cc6e000 	/System/Library/Frameworks/OpenGL.framework/Versions/A/Libraries/libCoreFSCache.dylib
0x000000000cc6e000 	/System/Library/Frameworks/MetalPerformanceShaders.framework/Frameworks/MPSCore.framework/Versions/A/MPSCore
0x000000000cc6e000 	/System/Library/Frameworks/MetalPerformanceShaders.framework/Frameworks/MPSImage.framework/Versions/A/MPSImage
0x000000000cc6e000 	/System/Library/Frameworks/MetalPerformanceShaders.framework/Frameworks/MPSNeuralNetwork.framework/Versions/A/MPSNeuralNetwork
0x000000000cc6e000 	/System/Library/Frameworks/MetalPerformanceShaders.framework/Frameworks/MPSMatrix.framework/Versions/A/MPSMatrix
0x000000000cc6e000 	/System/Library/Frameworks/MetalPerformanceShaders.framework/Frameworks/MPSRayIntersector.framework/Versions/A/MPSRayIntersector
0x000000000cc6e000 	/System/Library/PrivateFrameworks/MetalTools.framework/Versions/A/MetalTools
0x000000000cc6e000 	/System/Library/PrivateFrameworks/AggregateDictionary.framework/Versions/A/AggregateDictionary
0x000000000cc6e000 	/usr/lib/libMobileGestalt.dylib
0x000000000cc6e000 	/System/Library/Frameworks/CoreVideo.framework/Versions/A/CoreVideo
0x000000000cc6e000 	/System/Library/PrivateFrameworks/GraphVisualizer.framework/Versions/A/GraphVisualizer
0x000000000cc6e000 	/System/Library/PrivateFrameworks/FaceCore.framework/Versions/A/FaceCore
0x000000000cc6e000 	/System/Library/Frameworks/OpenCL.framework/Versions/A/OpenCL
0x000000000cc6e000 	/usr/lib/libFosl_dynamic.dylib
0x000000000cc6e000 	/System/Library/PrivateFrameworks/OTSVG.framework/Versions/A/OTSVG
0x000000000cc6e000 	/System/Library/Frameworks/ApplicationServices.framework/Versions/A/Frameworks/ATS.framework/Versions/A/Resources/libFontParser.dylib
0x000000000cc6e000 	/System/Library/Frameworks/ApplicationServices.framework/Versions/A/Frameworks/ATS.framework/Versions/A/Resources/libFontRegistry.dylib
0x000000000cc6e000 	/System/Library/Frameworks/ImageIO.framework/Versions/A/Resources/libJPEG.dylib
0x000000000cc6e000 	/System/Library/Frameworks/ImageIO.framework/Versions/A/Resources/libTIFF.dylib
0x000000000cc6e000 	/System/Library/Frameworks/ImageIO.framework/Versions/A/Resources/libPng.dylib
0x000000000cc6e000 	/System/Library/Frameworks/ImageIO.framework/Versions/A/Resources/libGIF.dylib
0x000000000cc6e000 	/System/Library/Frameworks/ImageIO.framework/Versions/A/Resources/libJP2.dylib
0x000000000cc6e000 	/System/Library/Frameworks/ImageIO.framework/Versions/A/Resources/libRadiance.dylib
0x000000000cc6e000 	/System/Library/PrivateFrameworks/AppleJPEG.framework/Versions/A/AppleJPEG
0x000000000cc6e000 	/System/Library/Frameworks/OpenGL.framework/Versions/A/Libraries/libGFXShared.dylib
0x000000000cc6e000 	/System/Library/Frameworks/OpenGL.framework/Versions/A/Libraries/libGLU.dylib
0x000000000cc6e000 	/System/Library/Frameworks/OpenGL.framework/Versions/A/Libraries/libGL.dylib
0x000000000cc6e000 	/System/Library/Frameworks/OpenGL.framework/Versions/A/Libraries/libGLImage.dylib
0x000000000cc6e000 	/System/Library/Frameworks/OpenGL.framework/Versions/A/Libraries/libCVMSPluginSupport.dylib
0x000000000cc6e000 	/System/Library/Frameworks/OpenGL.framework/Versions/A/Libraries/libCoreVMClient.dylib
0x000000000cc6e000 	/usr/lib/libcups.2.dylib
0x000000000cc6e000 	/System/Library/Frameworks/Kerberos.framework/Versions/A/Kerberos
0x000000000cc6e000 	/System/Library/Frameworks/GSS.framework/Versions/A/GSS
0x000000000cc6e000 	/usr/lib/libresolv.9.dylib
0x000000000cc6e000 	/usr/lib/libiconv.2.dylib
0x000000000cc6e000 	/System/Library/PrivateFrameworks/Heimdal.framework/Versions/A/Heimdal
0x000000000cc6e000 	/usr/lib/libheimdal-asn1.dylib
0x000000000cc6e000 	/System/Library/Frameworks/OpenDirectory.framework/Versions/A/OpenDirectory
0x000000000cc6e000 	/System/Library/PrivateFrameworks/CommonAuth.framework/Versions/A/CommonAuth
0x000000000cc6e000 	/System/Library/Frameworks/OpenDirectory.framework/Versions/A/Frameworks/CFOpenDirectory.framework/Versions/A/CFOpenDirectory
0x000000000cc6e000 	/System/Library/Frameworks/SecurityFoundation.framework/Versions/A/SecurityFoundation
0x000000000cc6e000 	/System/Library/PrivateFrameworks/APFS.framework/Versions/A/APFS
0x000000000cc6e000 	/usr/lib/libutil.dylib
0x000000000cc6e000 	/usr/lib/libcharset.1.dylib
0x000000000cc6e000 	/System/Library/PrivateFrameworks/AppleSauce.framework/Versions/A/AppleSauce
0x000000000cc6e000 	/System/Library/PrivateFrameworks/AssertionServices.framework/Versions/A/AssertionServices
0x000000000cc6e000 	/System/Library/PrivateFrameworks/BaseBoard.framework/Versions/A/BaseBoard
0x000000000cc6e000 	/usr/lib/libmecab.1.0.0.dylib
0x000000000cc6e000 	/usr/lib/libgermantok.dylib
0x000000000cc6e000 	/usr/lib/libThaiTokenizer.dylib
0x000000000cc6e000 	/usr/lib/libChineseTokenizer.dylib
0x000000000cc6e000 	/System/Library/PrivateFrameworks/LanguageModeling.framework/Versions/A/LanguageModeling
0x000000000cc6e000 	/System/Library/PrivateFrameworks/CoreEmoji.framework/Versions/A/CoreEmoji
0x000000000cc6e000 	/System/Library/PrivateFrameworks/Lexicon.framework/Versions/A/Lexicon
0x000000000cc6e000 	/System/Library/PrivateFrameworks/LinguisticData.framework/Versions/A/LinguisticData
0x000000000cc6e000 	/usr/lib/libcmph.dylib
0x000000000cc6e000 	/System/Library/Frameworks/ServiceManagement.framework/Versions/A/ServiceManagement
0x000000000cc6e000 	/System/Library/PrivateFrameworks/BackgroundTaskManagement.framework/Versions/A/BackgroundTaskManagement
0x000000000cc6e000 	/usr/lib/libxslt.1.dylib
0x000000000cc6e000 	/System/Library/Frameworks/Carbon.framework/Versions/A/Frameworks/Ink.framework/Versions/A/Ink
0x000000000cc6e000 	/System/Library/PrivateFrameworks/TextureIO.framework/Versions/A/TextureIO
0x000000000cc6e000 	/usr/lib/libate.dylib
0x000000000cc6e000 	/System/Library/PrivateFrameworks/CrashReporterSupport.framework/Versions/A/CrashReporterSupport
0x000000000cc6e000 	/System/Library/PrivateFrameworks/Sharing.framework/Versions/A/Sharing
0x000000000cc6e000 	/System/Library/PrivateFrameworks/AuthKit.framework/Versions/A/AuthKit
0x000000000cc6e000 	/System/Library/PrivateFrameworks/Apple80211.framework/Versions/A/Apple80211
0x000000000cc6e000 	/System/Library/PrivateFrameworks/CoreUtils.framework/Versions/A/CoreUtils
0x000000000cc6e000 	/System/Library/Frameworks/CoreWLAN.framework/Versions/A/CoreWLAN
0x000000000cc6e000 	/System/Library/Frameworks/IOBluetooth.framework/Versions/A/IOBluetooth
0x000000000cc6e000 	/System/Library/PrivateFrameworks/ProtocolBuffer.framework/Versions/A/ProtocolBuffer
0x000000000cc6e000 	/System/Library/PrivateFrameworks/MobileKeyBag.framework/Versions/A/MobileKeyBag
0x000000000cc6e000 	/System/Library/PrivateFrameworks/CorePhoneNumbers.framework/Versions/A/CorePhoneNumbers
0x000000000cc6e000 	/System/Library/PrivateFrameworks/AppleIDAuthSupport.framework/Versions/A/AppleIDAuthSupport
0x000000000cc6e000 	/System/Library/PrivateFrameworks/KeychainCircle.framework/Versions/A/KeychainCircle
0x000000000cc6e000 	/System/Library/PrivateFrameworks/ROCKit.framework/Versions/A/ROCKit
0x000000000cc6e000 	/System/Library/PrivateFrameworks/CoreWiFi.framework/Versions/A/CoreWiFi
0x000000000cc6e000 	/System/Library/Frameworks/CoreBluetooth.framework/Versions/A/CoreBluetooth
0x000000000cc6e000 	/System/Library/PrivateFrameworks/DebugSymbols.framework/Versions/A/DebugSymbols
0x000000000cc6e000 	/System/Library/PrivateFrameworks/CoreSymbolication.framework/Versions/A/CoreSymbolication
0x000000000cc6e000 	/System/Library/PrivateFrameworks/Symbolication.framework/Versions/A/Symbolication
0x000000000cc6e000 	/System/Library/PrivateFrameworks/SpeechRecognitionCore.framework/Versions/A/SpeechRecognitionCore
0x000000000cc6e000 	/System/Library/CoreServices/Encodings/libSimplifiedChineseConverter.dylib
0x000000010b400000 	/Library/Java/JavaVirtualMachines/jdk1.8.0_101.jdk/Contents/Home/jre/lib/server/libjvm.dylib
0x000000000cc6e000 	/usr/lib/libstdc++.6.dylib
0x000000010ab12000 	/Library/Java/JavaVirtualMachines/jdk1.8.0_101.jdk/Contents/Home/jre/lib/libverify.dylib
0x000000010ab20000 	/Library/Java/JavaVirtualMachines/jdk1.8.0_101.jdk/Contents/Home/jre/lib/libjava.dylib
0x000000010ab56000 	/Library/Java/JavaVirtualMachines/jdk1.8.0_101.jdk/Contents/Home/jre/lib/libjdwp.dylib
0x000000010aba1000 	/Library/Java/JavaVirtualMachines/jdk1.8.0_101.jdk/Contents/Home/jre/lib/libnpt.dylib
0x000000010aba5000 	/Library/Java/JavaVirtualMachines/jdk1.8.0_101.jdk/Contents/Home/jre/lib/libinstrument.dylib
0x000000010c3e5000 	/Library/Java/JavaVirtualMachines/jdk1.8.0_101.jdk/Contents/Home/jre/lib/libzip.dylib
0x000000000cc6e000 	/System/Library/Frameworks/JavaVM.framework/Versions/A/Frameworks/JavaRuntimeSupport.framework/Versions/A/JavaRuntimeSupport
0x000000000cc6e000 	/System/Library/Frameworks/JavaVM.framework/Versions/A/Frameworks/JavaNativeFoundation.framework/Versions/A/JavaNativeFoundation
0x000000000cc6e000 	/System/Library/Frameworks/JavaVM.framework/Versions/A/JavaVM
0x000000000cc6e000 	/System/Library/Frameworks/Carbon.framework/Versions/A/Carbon
0x000000000cc6e000 	/System/Library/PrivateFrameworks/JavaLaunching.framework/Versions/A/JavaLaunching
0x000000000cc6e000 	/System/Library/Frameworks/Carbon.framework/Versions/A/Frameworks/CommonPanels.framework/Versions/A/CommonPanels
0x000000000cc6e000 	/System/Library/Frameworks/Carbon.framework/Versions/A/Frameworks/Help.framework/Versions/A/Help
0x000000000cc6e000 	/System/Library/Frameworks/Carbon.framework/Versions/A/Frameworks/ImageCapture.framework/Versions/A/ImageCapture
0x000000000cc6e000 	/System/Library/Frameworks/Carbon.framework/Versions/A/Frameworks/OpenScripting.framework/Versions/A/OpenScripting
0x000000000cc6e000 	/System/Library/Frameworks/Carbon.framework/Versions/A/Frameworks/Print.framework/Versions/A/Print
0x000000000cc6e000 	/System/Library/Frameworks/Carbon.framework/Versions/A/Frameworks/SecurityHI.framework/Versions/A/SecurityHI
0x0000000112d33000 	/Library/Java/JavaVirtualMachines/jdk1.8.0_101.jdk/Contents/Home/jre/lib/libdt_socket.dylib
0x00000001130ce000 	/Library/Java/JavaVirtualMachines/jdk1.8.0_101.jdk/Contents/Home/jre/lib/libnet.dylib
0x000000011312d000 	/Library/Java/JavaVirtualMachines/jdk1.8.0_101.jdk/Contents/Home/jre/lib/libmanagement.dylib

VM Arguments:
jvm_args: -agentlib:jdwp=transport=dt_socket,suspend=y,address=localhost:61810 -javaagent:/Applications/Eclipse.app/Contents/Eclipse/configuration/org.eclipse.osgi/231/0/.cp/lib/javaagent-shaded.jar -Dfile.encoding=UTF-8 
java_command: pro.jiefzz.ejoker.demo.simple.transfer.TransferApp
java_class_path (initial): /server/data/eclipse/jee-mars/demo/target/classes:/Users/kimffy/.m2/repository/log4j/log4j/1.2.17/log4j-1.2.17.jar:/Users/kimffy/.m2/repository/org/slf4j/slf4j-log4j12/1.7.16/slf4j-log4j12-1.7.16.jar:/Users/kimffy/.m2/repository/org/slf4j/slf4j-api/1.7.16/slf4j-api-1.7.16.jar:/Users/kimffy/.m2/repository/com/alibaba/fastjson/1.2.31/fastjson-1.2.31.jar:/Users/kimffy/.m2/repository/net/minidev/json-smart/2.2.1/json-smart-2.2.1.jar:/Users/kimffy/.m2/repository/net/minidev/accessors-smart/1.1/accessors-smart-1.1.jar:/Users/kimffy/.m2/repository/org/ow2/asm/asm/5.0.3/asm-5.0.3.jar:/Users/kimffy/.m2/repository/com/fasterxml/jackson/core/jackson-core/2.7.5/jackson-core-2.7.5.jar:/Users/kimffy/.m2/repository/com/fasterxml/jackson/core/jackson-databind/2.7.5/jackson-databind-2.7.5.jar:/Users/kimffy/.m2/repository/com/fasterxml/jackson/core/jackson-annotations/2.7.0/jackson-annotations-2.7.0.jar:/Users/kimffy/.m2/repository/org/mongodb/mongo-java-driver/3.8.1/mongo-java-driver-3.8.1.jar:/server/data/ejoker/target/classes:/Users/kimffy/.m2/repository/org/apache/rocketmq/rocketmq-client/4.3.0/rocketmq-client-4.3.0.jar:/Users/kimffy/.m2/repository/org/apache/rocketmq/rocketmq-common/4.3.0/rocketmq-common-4.3.0.jar:/Users/kimffy/.m2/repository/org/apache/rocketmq/rocketmq-remoting/4.3.0/rocketmq-remoting-4.3.0.jar:/Users/kimffy/.m2/repository/io/netty/netty-all/4.0.42.Final/netty-all-4.0.42.Final.jar:/Users/kimffy/.m2/repository/org/apache/rocketmq/rocketmq-logging/4.3.0/rocketmq-logging-4.3.0.jar:/Users/kimffy/.m2/repository/io/netty/netty-tcnative-boringssl-static/1.1.33.Fork26/netty-tcnative-boringssl-static-1.1.33.Fork26.jar:/Users/kimffy/.m2/repository/org/apache/commons/commons-lang3/3.4/commons-lang3-3.4.jar:/Users/kimffy/.m2/repository/co/paralleluniverse/quasar-core/0.7.10/quasar-core-0.7.10.jar:/Users/kimffy/.m2/repository/io/dropwizard/metrics/metrics-core/3.2.3/metrics-core-3.2.3.jar:/Users/kimffy/.m2/repository/com/google/guava/guava/20.0
Launcher Type: SUN_STANDARD

Environment Variables:
PATH=/usr/bin:/bin:/usr/sbin:/sbin
SHELL=/bin/bash
DISPLAY=/private/tmp/com.apple.launchd.5LZifgxX4S/org.macosforge.xquartz:0

Signal Handlers:
SIGSEGV: [libjvm.dylib+0x5af145], sa_mask[0]=11111111011111110111111111111111, sa_flags=SA_ONSTACK|SA_RESTART|SA_SIGINFO
SIGBUS: [libjvm.dylib+0x5af145], sa_mask[0]=11111111011111110111111111111111, sa_flags=SA_RESTART|SA_SIGINFO
SIGFPE: [libjvm.dylib+0x48694c], sa_mask[0]=11111111011111110111111111111111, sa_flags=SA_RESTART|SA_SIGINFO
SIGPIPE: [libjvm.dylib+0x48694c], sa_mask[0]=11111111011111110111111111111111, sa_flags=SA_RESTART|SA_SIGINFO
SIGXFSZ: [libjvm.dylib+0x48694c], sa_mask[0]=11111111011111110111111111111111, sa_flags=SA_RESTART|SA_SIGINFO
SIGILL: [libjvm.dylib+0x48694c], sa_mask[0]=11111111011111110111111111111111, sa_flags=SA_RESTART|SA_SIGINFO
SIGUSR1: SIG_DFL, sa_mask[0]=00000000000000000000000000000000, sa_flags=none
SIGUSR2: [libjvm.dylib+0x48646a], sa_mask[0]=00100000000000000000000000000000, sa_flags=SA_RESTART|SA_SIGINFO
SIGHUP: [libjvm.dylib+0x484a41], sa_mask[0]=11111111011111110111111111111111, sa_flags=SA_RESTART|SA_SIGINFO
SIGINT: [libjvm.dylib+0x484a41], sa_mask[0]=11111111011111110111111111111111, sa_flags=SA_RESTART|SA_SIGINFO
SIGTERM: [libjvm.dylib+0x484a41], sa_mask[0]=11111111011111110111111111111111, sa_flags=SA_RESTART|SA_SIGINFO
SIGQUIT: [libjvm.dylib+0x484a41], sa_mask[0]=11111111011111110111111111111111, sa_flags=SA_RESTART|SA_SIGINFO


---------------  S Y S T E M  ---------------

OS:Bsduname:Darwin 18.2.0 Darwin Kernel Version 18.2.0: Fri Oct  5 19:41:49 PDT 2018; root:xnu-4903.221.2~2/RELEASE_X86_64 x86_64
rlimit: STACK 8192k, CORE 0k, NPROC 709, NOFILE 10240, AS infinity
load average:2.74 2.79 2.44

CPU:total 4 (2 cores per cpu, 2 threads per core) family 6 model 61 stepping 4, cmov, cx8, fxsr, mmx, sse, sse2, sse3, ssse3, sse4.1, sse4.2, popcnt, avx, avx2, aes, clmul, erms, 3dnowpref, lzcnt, ht, tsc, tscinvbit, bmi1, bmi2, adx

Memory: 4k page, physical 8388608k(92172k free)

/proc/meminfo:


vm_info: Java HotSpot(TM) 64-Bit Server VM (25.101-b13) for bsd-amd64 JRE (1.8.0_101-b13), built on Jun 22 2016 02:42:15 by "java_re" with gcc 4.2.1 (Based on Apple Inc. build 5658) (LLVM build 2336.11.00)

time: Mon Jan 28 17:57:12 2019
elapsed time: 7 seconds (0d 0h 0m 7s)

